<?xml version="1.0" encoding="UTF-8"?>
<testsuite xmlns:xsi="http://www.w3.org/2001/XMLSchema-instance" xsi:noNamespaceSchemaLocation="https://maven.apache.org/surefire/maven-surefire-plugin/xsd/surefire-test-report-3.0.xsd" version="3.0" name="com.example.eurekaserver.EurekaserverApplicationTests" time="9.494" tests="1" errors="0" skipped="0" failures="0">
  <properties>
    <property name="java.specification.version" value="17"/>
    <property name="sun.cpu.isalist" value="amd64"/>
    <property name="sun.jnu.encoding" value="Cp1252"/>
    <property name="java.class.path" value="C:\Users\srava\Desktop\backend\PROJECT\eurekaserver\eurekaserver\target\test-classes;C:\Users\srava\Desktop\backend\PROJECT\eurekaserver\eurekaserver\target\classes;C:\Users\srava\Desktop\backend\Repository\org\springframework\cloud\spring-cloud-starter-netflix-eureka-server\4.1.3\spring-cloud-starter-netflix-eureka-server-4.1.3.jar;C:\Users\srava\Desktop\backend\Repository\org\springframework\cloud\spring-cloud-starter\4.1.4\spring-cloud-starter-4.1.4.jar;C:\Users\srava\Desktop\backend\Repository\org\springframework\cloud\spring-cloud-context\4.1.4\spring-cloud-context-4.1.4.jar;C:\Users\srava\Desktop\backend\Repository\org\springframework\security\spring-security-crypto\6.3.3\spring-security-crypto-6.3.3.jar;C:\Users\srava\Desktop\backend\Repository\org\springframework\cloud\spring-cloud-commons\4.1.4\spring-cloud-commons-4.1.4.jar;C:\Users\srava\Desktop\backend\Repository\org\springframework\security\spring-security-rsa\1.1.3\spring-security-rsa-1.1.3.jar;C:\Users\srava\Desktop\backend\Repository\org\bouncycastle\bcprov-jdk18on\1.78\bcprov-jdk18on-1.78.jar;C:\Users\srava\Desktop\backend\Repository\org\springframework\cloud\spring-cloud-netflix-eureka-server\4.1.3\spring-cloud-netflix-eureka-server-4.1.3.jar;C:\Users\srava\Desktop\backend\Repository\org\springframework\boot\spring-boot-starter-web\3.3.4\spring-boot-starter-web-3.3.4.jar;C:\Users\srava\Desktop\backend\Repository\org\springframework\boot\spring-boot-starter-json\3.3.4\spring-boot-starter-json-3.3.4.jar;C:\Users\srava\Desktop\backend\Repository\com\fasterxml\jackson\datatype\jackson-datatype-jdk8\2.17.2\jackson-datatype-jdk8-2.17.2.jar;C:\Users\srava\Desktop\backend\Repository\com\fasterxml\jackson\datatype\jackson-datatype-jsr310\2.17.2\jackson-datatype-jsr310-2.17.2.jar;C:\Users\srava\Desktop\backend\Repository\com\fasterxml\jackson\module\jackson-module-parameter-names\2.17.2\jackson-module-parameter-names-2.17.2.jar;C:\Users\srava\Desktop\backend\Repository\org\springframework\boot\spring-boot-starter-tomcat\3.3.4\spring-boot-starter-tomcat-3.3.4.jar;C:\Users\srava\Desktop\backend\Repository\org\apache\tomcat\embed\tomcat-embed-core\10.1.30\tomcat-embed-core-10.1.30.jar;C:\Users\srava\Desktop\backend\Repository\org\apache\tomcat\embed\tomcat-embed-el\10.1.30\tomcat-embed-el-10.1.30.jar;C:\Users\srava\Desktop\backend\Repository\org\apache\tomcat\embed\tomcat-embed-websocket\10.1.30\tomcat-embed-websocket-10.1.30.jar;C:\Users\srava\Desktop\backend\Repository\org\springframework\spring-web\6.1.13\spring-web-6.1.13.jar;C:\Users\srava\Desktop\backend\Repository\org\springframework\spring-beans\6.1.13\spring-beans-6.1.13.jar;C:\Users\srava\Desktop\backend\Repository\org\springframework\spring-webmvc\6.1.13\spring-webmvc-6.1.13.jar;C:\Users\srava\Desktop\backend\Repository\org\springframework\spring-aop\6.1.13\spring-aop-6.1.13.jar;C:\Users\srava\Desktop\backend\Repository\org\springframework\spring-expression\6.1.13\spring-expression-6.1.13.jar;C:\Users\srava\Desktop\backend\Repository\org\springframework\boot\spring-boot-starter-actuator\3.3.4\spring-boot-starter-actuator-3.3.4.jar;C:\Users\srava\Desktop\backend\Repository\org\springframework\boot\spring-boot-actuator-autoconfigure\3.3.4\spring-boot-actuator-autoconfigure-3.3.4.jar;C:\Users\srava\Desktop\backend\Repository\org\springframework\boot\spring-boot-actuator\3.3.4\spring-boot-actuator-3.3.4.jar;C:\Users\srava\Desktop\backend\Repository\io\micrometer\micrometer-observation\1.13.4\micrometer-observation-1.13.4.jar;C:\Users\srava\Desktop\backend\Repository\io\micrometer\micrometer-commons\1.13.4\micrometer-commons-1.13.4.jar;C:\Users\srava\Desktop\backend\Repository\io\micrometer\micrometer-jakarta9\1.13.4\micrometer-jakarta9-1.13.4.jar;C:\Users\srava\Desktop\backend\Repository\io\micrometer\micrometer-core\1.13.4\micrometer-core-1.13.4.jar;C:\Users\srava\Desktop\backend\Repository\org\hdrhistogram\HdrHistogram\2.2.2\HdrHistogram-2.2.2.jar;C:\Users\srava\Desktop\backend\Repository\org\latencyutils\LatencyUtils\2.0.3\LatencyUtils-2.0.3.jar;C:\Users\srava\Desktop\backend\Repository\org\springframework\boot\spring-boot-starter-freemarker\3.3.4\spring-boot-starter-freemarker-3.3.4.jar;C:\Users\srava\Desktop\backend\Repository\org\freemarker\freemarker\2.3.33\freemarker-2.3.33.jar;C:\Users\srava\Desktop\backend\Repository\org\springframework\spring-context-support\6.1.13\spring-context-support-6.1.13.jar;C:\Users\srava\Desktop\backend\Repository\org\springframework\cloud\spring-cloud-netflix-eureka-client\4.1.3\spring-cloud-netflix-eureka-client-4.1.3.jar;C:\Users\srava\Desktop\backend\Repository\com\netflix\eureka\eureka-client\2.0.3\eureka-client-2.0.3.jar;C:\Users\srava\Desktop\backend\Repository\com\thoughtworks\xstream\xstream\1.4.20\xstream-1.4.20.jar;C:\Users\srava\Desktop\backend\Repository\io\github\x-stream\mxparser\1.2.2\mxparser-1.2.2.jar;C:\Users\srava\Desktop\backend\Repository\xmlpull\xmlpull\1.1.3.1\xmlpull-1.1.3.1.jar;C:\Users\srava\Desktop\backend\Repository\com\netflix\spectator\spectator-api\1.7.3\spectator-api-1.7.3.jar;C:\Users\srava\Desktop\backend\Repository\org\apache\httpcomponents\httpclient\4.5.3\httpclient-4.5.3.jar;C:\Users\srava\Desktop\backend\Repository\org\apache\httpcomponents\httpcore\4.4.16\httpcore-4.4.16.jar;C:\Users\srava\Desktop\backend\Repository\commons-configuration\commons-configuration\1.10\commons-configuration-1.10.jar;C:\Users\srava\Desktop\backend\Repository\commons-lang\commons-lang\2.6\commons-lang-2.6.jar;C:\Users\srava\Desktop\backend\Repository\com\netflix\netflix-commons\netflix-eventbus\0.3.0\netflix-eventbus-0.3.0.jar;C:\Users\srava\Desktop\backend\Repository\com\netflix\netflix-commons\netflix-infix\0.3.0\netflix-infix-0.3.0.jar;C:\Users\srava\Desktop\backend\Repository\commons-jxpath\commons-jxpath\1.3\commons-jxpath-1.3.jar;C:\Users\srava\Desktop\backend\Repository\joda-time\joda-time\2.3\joda-time-2.3.jar;C:\Users\srava\Desktop\backend\Repository\org\antlr\antlr-runtime\3.4\antlr-runtime-3.4.jar;C:\Users\srava\Desktop\backend\Repository\org\antlr\stringtemplate\3.2.1\stringtemplate-3.2.1.jar;C:\Users\srava\Desktop\backend\Repository\antlr\antlr\2.7.7\antlr-2.7.7.jar;C:\Users\srava\Desktop\backend\Repository\com\google\code\gson\gson\2.10.1\gson-2.10.1.jar;C:\Users\srava\Desktop\backend\Repository\com\netflix\servo\servo-core\0.5.3\servo-core-0.5.3.jar;C:\Users\srava\Desktop\backend\Repository\org\apache\commons\commons-math\2.2\commons-math-2.2.jar;C:\Users\srava\Desktop\backend\Repository\javax\annotation\javax.annotation-api\1.2\javax.annotation-api-1.2.jar;C:\Users\srava\Desktop\backend\Repository\org\codehaus\jettison\jettison\1.5.4\jettison-1.5.4.jar;C:\Users\srava\Desktop\backend\Repository\org\apache\httpcomponents\client5\httpclient5\5.3.1\httpclient5-5.3.1.jar;C:\Users\srava\Desktop\backend\Repository\org\apache\httpcomponents\core5\httpcore5\5.2.5\httpcore5-5.2.5.jar;C:\Users\srava\Desktop\backend\Repository\org\apache\httpcomponents\core5\httpcore5-h2\5.2.5\httpcore5-h2-5.2.5.jar;C:\Users\srava\Desktop\backend\Repository\com\netflix\eureka\eureka-client-jersey3\2.0.3\eureka-client-jersey3-2.0.3.jar;C:\Users\srava\Desktop\backend\Repository\org\glassfish\jersey\connectors\jersey-apache-connector\3.1.8\jersey-apache-connector-3.1.8.jar;C:\Users\srava\Desktop\backend\Repository\commons-codec\commons-codec\1.16.1\commons-codec-1.16.1.jar;C:\Users\srava\Desktop\backend\Repository\commons-logging\commons-logging\1.3.1\commons-logging-1.3.1.jar;C:\Users\srava\Desktop\backend\Repository\com\netflix\eureka\eureka-core-jersey3\2.0.3\eureka-core-jersey3-2.0.3.jar;C:\Users\srava\Desktop\backend\Repository\com\netflix\eureka\eureka-core\2.0.3\eureka-core-2.0.3.jar;C:\Users\srava\Desktop\backend\Repository\com\google\guava\guava\33.0.0-jre\guava-33.0.0-jre.jar;C:\Users\srava\Desktop\backend\Repository\com\google\guava\failureaccess\1.0.2\failureaccess-1.0.2.jar;C:\Users\srava\Desktop\backend\Repository\com\google\guava\listenablefuture\9999.0-empty-to-avoid-conflict-with-guava\listenablefuture-9999.0-empty-to-avoid-conflict-with-guava.jar;C:\Users\srava\Desktop\backend\Repository\org\checkerframework\checker-qual\3.41.0\checker-qual-3.41.0.jar;C:\Users\srava\Desktop\backend\Repository\com\google\errorprone\error_prone_annotations\2.23.0\error_prone_annotations-2.23.0.jar;C:\Users\srava\Desktop\backend\Repository\com\google\j2objc\j2objc-annotations\2.8\j2objc-annotations-2.8.jar;C:\Users\srava\Desktop\backend\Repository\org\glassfish\jersey\containers\jersey-container-servlet\3.1.8\jersey-container-servlet-3.1.8.jar;C:\Users\srava\Desktop\backend\Repository\org\glassfish\jersey\containers\jersey-container-servlet-core\3.1.8\jersey-container-servlet-core-3.1.8.jar;C:\Users\srava\Desktop\backend\Repository\org\glassfish\jersey\core\jersey-common\3.1.8\jersey-common-3.1.8.jar;C:\Users\srava\Desktop\backend\Repository\org\glassfish\hk2\osgi-resource-locator\1.0.3\osgi-resource-locator-1.0.3.jar;C:\Users\srava\Desktop\backend\Repository\jakarta\ws\rs\jakarta.ws.rs-api\3.1.0\jakarta.ws.rs-api-3.1.0.jar;C:\Users\srava\Desktop\backend\Repository\org\glassfish\jersey\core\jersey-server\3.1.8\jersey-server-3.1.8.jar;C:\Users\srava\Desktop\backend\Repository\jakarta\inject\jakarta.inject-api\2.0.1\jakarta.inject-api-2.0.1.jar;C:\Users\srava\Desktop\backend\Repository\jakarta\validation\jakarta.validation-api\3.0.2\jakarta.validation-api-3.0.2.jar;C:\Users\srava\Desktop\backend\Repository\org\glassfish\jersey\core\jersey-client\3.1.8\jersey-client-3.1.8.jar;C:\Users\srava\Desktop\backend\Repository\org\glassfish\jersey\inject\jersey-hk2\3.1.8\jersey-hk2-3.1.8.jar;C:\Users\srava\Desktop\backend\Repository\org\glassfish\hk2\hk2-locator\3.0.6\hk2-locator-3.0.6.jar;C:\Users\srava\Desktop\backend\Repository\org\glassfish\hk2\external\aopalliance-repackaged\3.0.6\aopalliance-repackaged-3.0.6.jar;C:\Users\srava\Desktop\backend\Repository\org\glassfish\hk2\hk2-utils\3.0.6\hk2-utils-3.0.6.jar;C:\Users\srava\Desktop\backend\Repository\org\javassist\javassist\3.30.2-GA\javassist-3.30.2-GA.jar;C:\Users\srava\Desktop\backend\Repository\org\glassfish\hk2\spring-bridge\3.1.1\spring-bridge-3.1.1.jar;C:\Users\srava\Desktop\backend\Repository\org\glassfish\hk2\hk2-api\3.1.1\hk2-api-3.1.1.jar;C:\Users\srava\Desktop\backend\Repository\org\springframework\spring-context\6.1.13\spring-context-6.1.13.jar;C:\Users\srava\Desktop\backend\Repository\com\fasterxml\jackson\dataformat\jackson-dataformat-xml\2.17.2\jackson-dataformat-xml-2.17.2.jar;C:\Users\srava\Desktop\backend\Repository\com\fasterxml\jackson\core\jackson-core\2.17.2\jackson-core-2.17.2.jar;C:\Users\srava\Desktop\backend\Repository\com\fasterxml\jackson\core\jackson-annotations\2.17.2\jackson-annotations-2.17.2.jar;C:\Users\srava\Desktop\backend\Repository\com\fasterxml\jackson\core\jackson-databind\2.17.2\jackson-databind-2.17.2.jar;C:\Users\srava\Desktop\backend\Repository\org\codehaus\woodstox\stax2-api\4.2.2\stax2-api-4.2.2.jar;C:\Users\srava\Desktop\backend\Repository\com\fasterxml\woodstox\woodstox-core\6.7.0\woodstox-core-6.7.0.jar;C:\Users\srava\Desktop\backend\Repository\org\springframework\cloud\spring-cloud-starter-loadbalancer\4.1.4\spring-cloud-starter-loadbalancer-4.1.4.jar;C:\Users\srava\Desktop\backend\Repository\org\springframework\cloud\spring-cloud-loadbalancer\4.1.4\spring-cloud-loadbalancer-4.1.4.jar;C:\Users\srava\Desktop\backend\Repository\io\projectreactor\reactor-core\3.6.10\reactor-core-3.6.10.jar;C:\Users\srava\Desktop\backend\Repository\org\reactivestreams\reactive-streams\1.0.4\reactive-streams-1.0.4.jar;C:\Users\srava\Desktop\backend\Repository\io\projectreactor\addons\reactor-extra\3.5.2\reactor-extra-3.5.2.jar;C:\Users\srava\Desktop\backend\Repository\org\springframework\boot\spring-boot-starter-cache\3.3.4\spring-boot-starter-cache-3.3.4.jar;C:\Users\srava\Desktop\backend\Repository\com\stoyanr\evictor\1.0.0\evictor-1.0.0.jar;C:\Users\srava\Desktop\backend\Repository\org\glassfish\jaxb\jaxb-runtime\4.0.5\jaxb-runtime-4.0.5.jar;C:\Users\srava\Desktop\backend\Repository\org\glassfish\jaxb\jaxb-core\4.0.5\jaxb-core-4.0.5.jar;C:\Users\srava\Desktop\backend\Repository\org\eclipse\angus\angus-activation\2.0.2\angus-activation-2.0.2.jar;C:\Users\srava\Desktop\backend\Repository\org\glassfish\jaxb\txw2\4.0.5\txw2-4.0.5.jar;C:\Users\srava\Desktop\backend\Repository\com\sun\istack\istack-commons-runtime\4.1.2\istack-commons-runtime-4.1.2.jar;C:\Users\srava\Desktop\backend\Repository\org\springframework\boot\spring-boot-starter-test\3.3.4\spring-boot-starter-test-3.3.4.jar;C:\Users\srava\Desktop\backend\Repository\org\springframework\boot\spring-boot-starter\3.3.4\spring-boot-starter-3.3.4.jar;C:\Users\srava\Desktop\backend\Repository\org\springframework\boot\spring-boot\3.3.4\spring-boot-3.3.4.jar;C:\Users\srava\Desktop\backend\Repository\org\springframework\boot\spring-boot-autoconfigure\3.3.4\spring-boot-autoconfigure-3.3.4.jar;C:\Users\srava\Desktop\backend\Repository\org\springframework\boot\spring-boot-starter-logging\3.3.4\spring-boot-starter-logging-3.3.4.jar;C:\Users\srava\Desktop\backend\Repository\ch\qos\logback\logback-classic\1.5.8\logback-classic-1.5.8.jar;C:\Users\srava\Desktop\backend\Repository\ch\qos\logback\logback-core\1.5.8\logback-core-1.5.8.jar;C:\Users\srava\Desktop\backend\Repository\org\apache\logging\log4j\log4j-to-slf4j\2.23.1\log4j-to-slf4j-2.23.1.jar;C:\Users\srava\Desktop\backend\Repository\org\apache\logging\log4j\log4j-api\2.23.1\log4j-api-2.23.1.jar;C:\Users\srava\Desktop\backend\Repository\org\slf4j\jul-to-slf4j\2.0.16\jul-to-slf4j-2.0.16.jar;C:\Users\srava\Desktop\backend\Repository\jakarta\annotation\jakarta.annotation-api\2.1.1\jakarta.annotation-api-2.1.1.jar;C:\Users\srava\Desktop\backend\Repository\org\yaml\snakeyaml\2.2\snakeyaml-2.2.jar;C:\Users\srava\Desktop\backend\Repository\org\springframework\boot\spring-boot-test\3.3.4\spring-boot-test-3.3.4.jar;C:\Users\srava\Desktop\backend\Repository\org\springframework\boot\spring-boot-test-autoconfigure\3.3.4\spring-boot-test-autoconfigure-3.3.4.jar;C:\Users\srava\Desktop\backend\Repository\com\jayway\jsonpath\json-path\2.9.0\json-path-2.9.0.jar;C:\Users\srava\Desktop\backend\Repository\org\slf4j\slf4j-api\2.0.16\slf4j-api-2.0.16.jar;C:\Users\srava\Desktop\backend\Repository\jakarta\xml\bind\jakarta.xml.bind-api\4.0.2\jakarta.xml.bind-api-4.0.2.jar;C:\Users\srava\Desktop\backend\Repository\jakarta\activation\jakarta.activation-api\2.1.3\jakarta.activation-api-2.1.3.jar;C:\Users\srava\Desktop\backend\Repository\net\minidev\json-smart\2.5.1\json-smart-2.5.1.jar;C:\Users\srava\Desktop\backend\Repository\net\minidev\accessors-smart\2.5.1\accessors-smart-2.5.1.jar;C:\Users\srava\Desktop\backend\Repository\org\ow2\asm\asm\9.6\asm-9.6.jar;C:\Users\srava\Desktop\backend\Repository\org\assertj\assertj-core\3.25.3\assertj-core-3.25.3.jar;C:\Users\srava\Desktop\backend\Repository\net\bytebuddy\byte-buddy\1.14.19\byte-buddy-1.14.19.jar;C:\Users\srava\Desktop\backend\Repository\org\awaitility\awaitility\4.2.2\awaitility-4.2.2.jar;C:\Users\srava\Desktop\backend\Repository\org\hamcrest\hamcrest\2.2\hamcrest-2.2.jar;C:\Users\srava\Desktop\backend\Repository\org\junit\jupiter\junit-jupiter\5.10.3\junit-jupiter-5.10.3.jar;C:\Users\srava\Desktop\backend\Repository\org\junit\jupiter\junit-jupiter-api\5.10.3\junit-jupiter-api-5.10.3.jar;C:\Users\srava\Desktop\backend\Repository\org\opentest4j\opentest4j\1.3.0\opentest4j-1.3.0.jar;C:\Users\srava\Desktop\backend\Repository\org\junit\platform\junit-platform-commons\1.10.3\junit-platform-commons-1.10.3.jar;C:\Users\srava\Desktop\backend\Repository\org\apiguardian\apiguardian-api\1.1.2\apiguardian-api-1.1.2.jar;C:\Users\srava\Desktop\backend\Repository\org\junit\jupiter\junit-jupiter-params\5.10.3\junit-jupiter-params-5.10.3.jar;C:\Users\srava\Desktop\backend\Repository\org\junit\jupiter\junit-jupiter-engine\5.10.3\junit-jupiter-engine-5.10.3.jar;C:\Users\srava\Desktop\backend\Repository\org\junit\platform\junit-platform-engine\1.10.3\junit-platform-engine-1.10.3.jar;C:\Users\srava\Desktop\backend\Repository\org\mockito\mockito-core\5.11.0\mockito-core-5.11.0.jar;C:\Users\srava\Desktop\backend\Repository\net\bytebuddy\byte-buddy-agent\1.14.19\byte-buddy-agent-1.14.19.jar;C:\Users\srava\Desktop\backend\Repository\org\objenesis\objenesis\3.3\objenesis-3.3.jar;C:\Users\srava\Desktop\backend\Repository\org\mockito\mockito-junit-jupiter\5.11.0\mockito-junit-jupiter-5.11.0.jar;C:\Users\srava\Desktop\backend\Repository\org\skyscreamer\jsonassert\1.5.3\jsonassert-1.5.3.jar;C:\Users\srava\Desktop\backend\Repository\com\vaadin\external\google\android-json\0.0.20131108.vaadin1\android-json-0.0.20131108.vaadin1.jar;C:\Users\srava\Desktop\backend\Repository\org\springframework\spring-core\6.1.13\spring-core-6.1.13.jar;C:\Users\srava\Desktop\backend\Repository\org\springframework\spring-jcl\6.1.13\spring-jcl-6.1.13.jar;C:\Users\srava\Desktop\backend\Repository\org\springframework\spring-test\6.1.13\spring-test-6.1.13.jar;C:\Users\srava\Desktop\backend\Repository\org\xmlunit\xmlunit-core\2.9.1\xmlunit-core-2.9.1.jar;"/>
    <property name="java.vm.vendor" value="Oracle Corporation"/>
    <property name="sun.arch.data.model" value="64"/>
    <property name="user.variant" value=""/>
    <property name="java.vendor.url" value="https://java.oracle.com/"/>
    <property name="user.timezone" value="Asia/Calcutta"/>
    <property name="os.name" value="Windows 10"/>
    <property name="java.vm.specification.version" value="17"/>
    <property name="sun.java.launcher" value="SUN_STANDARD"/>
    <property name="user.country" value="IN"/>
    <property name="sun.boot.library.path" value="C:\Program Files\Java\jdk-17\bin"/>
    <property name="sun.java.command" value="C:\Users\srava\AppData\Local\Temp\surefire12077351613335365021\surefirebooter-20241018101258373_3.jar C:\Users\srava\AppData\Local\Temp\surefire12077351613335365021 2024-10-18T10-12-58_060-jvmRun1 surefire-20241018101258373_1tmp surefire_0-20241018101258373_2tmp"/>
    <property name="jdk.debug" value="release"/>
    <property name="surefire.test.class.path" value="C:\Users\srava\Desktop\backend\PROJECT\eurekaserver\eurekaserver\target\test-classes;C:\Users\srava\Desktop\backend\PROJECT\eurekaserver\eurekaserver\target\classes;C:\Users\srava\Desktop\backend\Repository\org\springframework\cloud\spring-cloud-starter-netflix-eureka-server\4.1.3\spring-cloud-starter-netflix-eureka-server-4.1.3.jar;C:\Users\srava\Desktop\backend\Repository\org\springframework\cloud\spring-cloud-starter\4.1.4\spring-cloud-starter-4.1.4.jar;C:\Users\srava\Desktop\backend\Repository\org\springframework\cloud\spring-cloud-context\4.1.4\spring-cloud-context-4.1.4.jar;C:\Users\srava\Desktop\backend\Repository\org\springframework\security\spring-security-crypto\6.3.3\spring-security-crypto-6.3.3.jar;C:\Users\srava\Desktop\backend\Repository\org\springframework\cloud\spring-cloud-commons\4.1.4\spring-cloud-commons-4.1.4.jar;C:\Users\srava\Desktop\backend\Repository\org\springframework\security\spring-security-rsa\1.1.3\spring-security-rsa-1.1.3.jar;C:\Users\srava\Desktop\backend\Repository\org\bouncycastle\bcprov-jdk18on\1.78\bcprov-jdk18on-1.78.jar;C:\Users\srava\Desktop\backend\Repository\org\springframework\cloud\spring-cloud-netflix-eureka-server\4.1.3\spring-cloud-netflix-eureka-server-4.1.3.jar;C:\Users\srava\Desktop\backend\Repository\org\springframework\boot\spring-boot-starter-web\3.3.4\spring-boot-starter-web-3.3.4.jar;C:\Users\srava\Desktop\backend\Repository\org\springframework\boot\spring-boot-starter-json\3.3.4\spring-boot-starter-json-3.3.4.jar;C:\Users\srava\Desktop\backend\Repository\com\fasterxml\jackson\datatype\jackson-datatype-jdk8\2.17.2\jackson-datatype-jdk8-2.17.2.jar;C:\Users\srava\Desktop\backend\Repository\com\fasterxml\jackson\datatype\jackson-datatype-jsr310\2.17.2\jackson-datatype-jsr310-2.17.2.jar;C:\Users\srava\Desktop\backend\Repository\com\fasterxml\jackson\module\jackson-module-parameter-names\2.17.2\jackson-module-parameter-names-2.17.2.jar;C:\Users\srava\Desktop\backend\Repository\org\springframework\boot\spring-boot-starter-tomcat\3.3.4\spring-boot-starter-tomcat-3.3.4.jar;C:\Users\srava\Desktop\backend\Repository\org\apache\tomcat\embed\tomcat-embed-core\10.1.30\tomcat-embed-core-10.1.30.jar;C:\Users\srava\Desktop\backend\Repository\org\apache\tomcat\embed\tomcat-embed-el\10.1.30\tomcat-embed-el-10.1.30.jar;C:\Users\srava\Desktop\backend\Repository\org\apache\tomcat\embed\tomcat-embed-websocket\10.1.30\tomcat-embed-websocket-10.1.30.jar;C:\Users\srava\Desktop\backend\Repository\org\springframework\spring-web\6.1.13\spring-web-6.1.13.jar;C:\Users\srava\Desktop\backend\Repository\org\springframework\spring-beans\6.1.13\spring-beans-6.1.13.jar;C:\Users\srava\Desktop\backend\Repository\org\springframework\spring-webmvc\6.1.13\spring-webmvc-6.1.13.jar;C:\Users\srava\Desktop\backend\Repository\org\springframework\spring-aop\6.1.13\spring-aop-6.1.13.jar;C:\Users\srava\Desktop\backend\Repository\org\springframework\spring-expression\6.1.13\spring-expression-6.1.13.jar;C:\Users\srava\Desktop\backend\Repository\org\springframework\boot\spring-boot-starter-actuator\3.3.4\spring-boot-starter-actuator-3.3.4.jar;C:\Users\srava\Desktop\backend\Repository\org\springframework\boot\spring-boot-actuator-autoconfigure\3.3.4\spring-boot-actuator-autoconfigure-3.3.4.jar;C:\Users\srava\Desktop\backend\Repository\org\springframework\boot\spring-boot-actuator\3.3.4\spring-boot-actuator-3.3.4.jar;C:\Users\srava\Desktop\backend\Repository\io\micrometer\micrometer-observation\1.13.4\micrometer-observation-1.13.4.jar;C:\Users\srava\Desktop\backend\Repository\io\micrometer\micrometer-commons\1.13.4\micrometer-commons-1.13.4.jar;C:\Users\srava\Desktop\backend\Repository\io\micrometer\micrometer-jakarta9\1.13.4\micrometer-jakarta9-1.13.4.jar;C:\Users\srava\Desktop\backend\Repository\io\micrometer\micrometer-core\1.13.4\micrometer-core-1.13.4.jar;C:\Users\srava\Desktop\backend\Repository\org\hdrhistogram\HdrHistogram\2.2.2\HdrHistogram-2.2.2.jar;C:\Users\srava\Desktop\backend\Repository\org\latencyutils\LatencyUtils\2.0.3\LatencyUtils-2.0.3.jar;C:\Users\srava\Desktop\backend\Repository\org\springframework\boot\spring-boot-starter-freemarker\3.3.4\spring-boot-starter-freemarker-3.3.4.jar;C:\Users\srava\Desktop\backend\Repository\org\freemarker\freemarker\2.3.33\freemarker-2.3.33.jar;C:\Users\srava\Desktop\backend\Repository\org\springframework\spring-context-support\6.1.13\spring-context-support-6.1.13.jar;C:\Users\srava\Desktop\backend\Repository\org\springframework\cloud\spring-cloud-netflix-eureka-client\4.1.3\spring-cloud-netflix-eureka-client-4.1.3.jar;C:\Users\srava\Desktop\backend\Repository\com\netflix\eureka\eureka-client\2.0.3\eureka-client-2.0.3.jar;C:\Users\srava\Desktop\backend\Repository\com\thoughtworks\xstream\xstream\1.4.20\xstream-1.4.20.jar;C:\Users\srava\Desktop\backend\Repository\io\github\x-stream\mxparser\1.2.2\mxparser-1.2.2.jar;C:\Users\srava\Desktop\backend\Repository\xmlpull\xmlpull\1.1.3.1\xmlpull-1.1.3.1.jar;C:\Users\srava\Desktop\backend\Repository\com\netflix\spectator\spectator-api\1.7.3\spectator-api-1.7.3.jar;C:\Users\srava\Desktop\backend\Repository\org\apache\httpcomponents\httpclient\4.5.3\httpclient-4.5.3.jar;C:\Users\srava\Desktop\backend\Repository\org\apache\httpcomponents\httpcore\4.4.16\httpcore-4.4.16.jar;C:\Users\srava\Desktop\backend\Repository\commons-configuration\commons-configuration\1.10\commons-configuration-1.10.jar;C:\Users\srava\Desktop\backend\Repository\commons-lang\commons-lang\2.6\commons-lang-2.6.jar;C:\Users\srava\Desktop\backend\Repository\com\netflix\netflix-commons\netflix-eventbus\0.3.0\netflix-eventbus-0.3.0.jar;C:\Users\srava\Desktop\backend\Repository\com\netflix\netflix-commons\netflix-infix\0.3.0\netflix-infix-0.3.0.jar;C:\Users\srava\Desktop\backend\Repository\commons-jxpath\commons-jxpath\1.3\commons-jxpath-1.3.jar;C:\Users\srava\Desktop\backend\Repository\joda-time\joda-time\2.3\joda-time-2.3.jar;C:\Users\srava\Desktop\backend\Repository\org\antlr\antlr-runtime\3.4\antlr-runtime-3.4.jar;C:\Users\srava\Desktop\backend\Repository\org\antlr\stringtemplate\3.2.1\stringtemplate-3.2.1.jar;C:\Users\srava\Desktop\backend\Repository\antlr\antlr\2.7.7\antlr-2.7.7.jar;C:\Users\srava\Desktop\backend\Repository\com\google\code\gson\gson\2.10.1\gson-2.10.1.jar;C:\Users\srava\Desktop\backend\Repository\com\netflix\servo\servo-core\0.5.3\servo-core-0.5.3.jar;C:\Users\srava\Desktop\backend\Repository\org\apache\commons\commons-math\2.2\commons-math-2.2.jar;C:\Users\srava\Desktop\backend\Repository\javax\annotation\javax.annotation-api\1.2\javax.annotation-api-1.2.jar;C:\Users\srava\Desktop\backend\Repository\org\codehaus\jettison\jettison\1.5.4\jettison-1.5.4.jar;C:\Users\srava\Desktop\backend\Repository\org\apache\httpcomponents\client5\httpclient5\5.3.1\httpclient5-5.3.1.jar;C:\Users\srava\Desktop\backend\Repository\org\apache\httpcomponents\core5\httpcore5\5.2.5\httpcore5-5.2.5.jar;C:\Users\srava\Desktop\backend\Repository\org\apache\httpcomponents\core5\httpcore5-h2\5.2.5\httpcore5-h2-5.2.5.jar;C:\Users\srava\Desktop\backend\Repository\com\netflix\eureka\eureka-client-jersey3\2.0.3\eureka-client-jersey3-2.0.3.jar;C:\Users\srava\Desktop\backend\Repository\org\glassfish\jersey\connectors\jersey-apache-connector\3.1.8\jersey-apache-connector-3.1.8.jar;C:\Users\srava\Desktop\backend\Repository\commons-codec\commons-codec\1.16.1\commons-codec-1.16.1.jar;C:\Users\srava\Desktop\backend\Repository\commons-logging\commons-logging\1.3.1\commons-logging-1.3.1.jar;C:\Users\srava\Desktop\backend\Repository\com\netflix\eureka\eureka-core-jersey3\2.0.3\eureka-core-jersey3-2.0.3.jar;C:\Users\srava\Desktop\backend\Repository\com\netflix\eureka\eureka-core\2.0.3\eureka-core-2.0.3.jar;C:\Users\srava\Desktop\backend\Repository\com\google\guava\guava\33.0.0-jre\guava-33.0.0-jre.jar;C:\Users\srava\Desktop\backend\Repository\com\google\guava\failureaccess\1.0.2\failureaccess-1.0.2.jar;C:\Users\srava\Desktop\backend\Repository\com\google\guava\listenablefuture\9999.0-empty-to-avoid-conflict-with-guava\listenablefuture-9999.0-empty-to-avoid-conflict-with-guava.jar;C:\Users\srava\Desktop\backend\Repository\org\checkerframework\checker-qual\3.41.0\checker-qual-3.41.0.jar;C:\Users\srava\Desktop\backend\Repository\com\google\errorprone\error_prone_annotations\2.23.0\error_prone_annotations-2.23.0.jar;C:\Users\srava\Desktop\backend\Repository\com\google\j2objc\j2objc-annotations\2.8\j2objc-annotations-2.8.jar;C:\Users\srava\Desktop\backend\Repository\org\glassfish\jersey\containers\jersey-container-servlet\3.1.8\jersey-container-servlet-3.1.8.jar;C:\Users\srava\Desktop\backend\Repository\org\glassfish\jersey\containers\jersey-container-servlet-core\3.1.8\jersey-container-servlet-core-3.1.8.jar;C:\Users\srava\Desktop\backend\Repository\org\glassfish\jersey\core\jersey-common\3.1.8\jersey-common-3.1.8.jar;C:\Users\srava\Desktop\backend\Repository\org\glassfish\hk2\osgi-resource-locator\1.0.3\osgi-resource-locator-1.0.3.jar;C:\Users\srava\Desktop\backend\Repository\jakarta\ws\rs\jakarta.ws.rs-api\3.1.0\jakarta.ws.rs-api-3.1.0.jar;C:\Users\srava\Desktop\backend\Repository\org\glassfish\jersey\core\jersey-server\3.1.8\jersey-server-3.1.8.jar;C:\Users\srava\Desktop\backend\Repository\jakarta\inject\jakarta.inject-api\2.0.1\jakarta.inject-api-2.0.1.jar;C:\Users\srava\Desktop\backend\Repository\jakarta\validation\jakarta.validation-api\3.0.2\jakarta.validation-api-3.0.2.jar;C:\Users\srava\Desktop\backend\Repository\org\glassfish\jersey\core\jersey-client\3.1.8\jersey-client-3.1.8.jar;C:\Users\srava\Desktop\backend\Repository\org\glassfish\jersey\inject\jersey-hk2\3.1.8\jersey-hk2-3.1.8.jar;C:\Users\srava\Desktop\backend\Repository\org\glassfish\hk2\hk2-locator\3.0.6\hk2-locator-3.0.6.jar;C:\Users\srava\Desktop\backend\Repository\org\glassfish\hk2\external\aopalliance-repackaged\3.0.6\aopalliance-repackaged-3.0.6.jar;C:\Users\srava\Desktop\backend\Repository\org\glassfish\hk2\hk2-utils\3.0.6\hk2-utils-3.0.6.jar;C:\Users\srava\Desktop\backend\Repository\org\javassist\javassist\3.30.2-GA\javassist-3.30.2-GA.jar;C:\Users\srava\Desktop\backend\Repository\org\glassfish\hk2\spring-bridge\3.1.1\spring-bridge-3.1.1.jar;C:\Users\srava\Desktop\backend\Repository\org\glassfish\hk2\hk2-api\3.1.1\hk2-api-3.1.1.jar;C:\Users\srava\Desktop\backend\Repository\org\springframework\spring-context\6.1.13\spring-context-6.1.13.jar;C:\Users\srava\Desktop\backend\Repository\com\fasterxml\jackson\dataformat\jackson-dataformat-xml\2.17.2\jackson-dataformat-xml-2.17.2.jar;C:\Users\srava\Desktop\backend\Repository\com\fasterxml\jackson\core\jackson-core\2.17.2\jackson-core-2.17.2.jar;C:\Users\srava\Desktop\backend\Repository\com\fasterxml\jackson\core\jackson-annotations\2.17.2\jackson-annotations-2.17.2.jar;C:\Users\srava\Desktop\backend\Repository\com\fasterxml\jackson\core\jackson-databind\2.17.2\jackson-databind-2.17.2.jar;C:\Users\srava\Desktop\backend\Repository\org\codehaus\woodstox\stax2-api\4.2.2\stax2-api-4.2.2.jar;C:\Users\srava\Desktop\backend\Repository\com\fasterxml\woodstox\woodstox-core\6.7.0\woodstox-core-6.7.0.jar;C:\Users\srava\Desktop\backend\Repository\org\springframework\cloud\spring-cloud-starter-loadbalancer\4.1.4\spring-cloud-starter-loadbalancer-4.1.4.jar;C:\Users\srava\Desktop\backend\Repository\org\springframework\cloud\spring-cloud-loadbalancer\4.1.4\spring-cloud-loadbalancer-4.1.4.jar;C:\Users\srava\Desktop\backend\Repository\io\projectreactor\reactor-core\3.6.10\reactor-core-3.6.10.jar;C:\Users\srava\Desktop\backend\Repository\org\reactivestreams\reactive-streams\1.0.4\reactive-streams-1.0.4.jar;C:\Users\srava\Desktop\backend\Repository\io\projectreactor\addons\reactor-extra\3.5.2\reactor-extra-3.5.2.jar;C:\Users\srava\Desktop\backend\Repository\org\springframework\boot\spring-boot-starter-cache\3.3.4\spring-boot-starter-cache-3.3.4.jar;C:\Users\srava\Desktop\backend\Repository\com\stoyanr\evictor\1.0.0\evictor-1.0.0.jar;C:\Users\srava\Desktop\backend\Repository\org\glassfish\jaxb\jaxb-runtime\4.0.5\jaxb-runtime-4.0.5.jar;C:\Users\srava\Desktop\backend\Repository\org\glassfish\jaxb\jaxb-core\4.0.5\jaxb-core-4.0.5.jar;C:\Users\srava\Desktop\backend\Repository\org\eclipse\angus\angus-activation\2.0.2\angus-activation-2.0.2.jar;C:\Users\srava\Desktop\backend\Repository\org\glassfish\jaxb\txw2\4.0.5\txw2-4.0.5.jar;C:\Users\srava\Desktop\backend\Repository\com\sun\istack\istack-commons-runtime\4.1.2\istack-commons-runtime-4.1.2.jar;C:\Users\srava\Desktop\backend\Repository\org\springframework\boot\spring-boot-starter-test\3.3.4\spring-boot-starter-test-3.3.4.jar;C:\Users\srava\Desktop\backend\Repository\org\springframework\boot\spring-boot-starter\3.3.4\spring-boot-starter-3.3.4.jar;C:\Users\srava\Desktop\backend\Repository\org\springframework\boot\spring-boot\3.3.4\spring-boot-3.3.4.jar;C:\Users\srava\Desktop\backend\Repository\org\springframework\boot\spring-boot-autoconfigure\3.3.4\spring-boot-autoconfigure-3.3.4.jar;C:\Users\srava\Desktop\backend\Repository\org\springframework\boot\spring-boot-starter-logging\3.3.4\spring-boot-starter-logging-3.3.4.jar;C:\Users\srava\Desktop\backend\Repository\ch\qos\logback\logback-classic\1.5.8\logback-classic-1.5.8.jar;C:\Users\srava\Desktop\backend\Repository\ch\qos\logback\logback-core\1.5.8\logback-core-1.5.8.jar;C:\Users\srava\Desktop\backend\Repository\org\apache\logging\log4j\log4j-to-slf4j\2.23.1\log4j-to-slf4j-2.23.1.jar;C:\Users\srava\Desktop\backend\Repository\org\apache\logging\log4j\log4j-api\2.23.1\log4j-api-2.23.1.jar;C:\Users\srava\Desktop\backend\Repository\org\slf4j\jul-to-slf4j\2.0.16\jul-to-slf4j-2.0.16.jar;C:\Users\srava\Desktop\backend\Repository\jakarta\annotation\jakarta.annotation-api\2.1.1\jakarta.annotation-api-2.1.1.jar;C:\Users\srava\Desktop\backend\Repository\org\yaml\snakeyaml\2.2\snakeyaml-2.2.jar;C:\Users\srava\Desktop\backend\Repository\org\springframework\boot\spring-boot-test\3.3.4\spring-boot-test-3.3.4.jar;C:\Users\srava\Desktop\backend\Repository\org\springframework\boot\spring-boot-test-autoconfigure\3.3.4\spring-boot-test-autoconfigure-3.3.4.jar;C:\Users\srava\Desktop\backend\Repository\com\jayway\jsonpath\json-path\2.9.0\json-path-2.9.0.jar;C:\Users\srava\Desktop\backend\Repository\org\slf4j\slf4j-api\2.0.16\slf4j-api-2.0.16.jar;C:\Users\srava\Desktop\backend\Repository\jakarta\xml\bind\jakarta.xml.bind-api\4.0.2\jakarta.xml.bind-api-4.0.2.jar;C:\Users\srava\Desktop\backend\Repository\jakarta\activation\jakarta.activation-api\2.1.3\jakarta.activation-api-2.1.3.jar;C:\Users\srava\Desktop\backend\Repository\net\minidev\json-smart\2.5.1\json-smart-2.5.1.jar;C:\Users\srava\Desktop\backend\Repository\net\minidev\accessors-smart\2.5.1\accessors-smart-2.5.1.jar;C:\Users\srava\Desktop\backend\Repository\org\ow2\asm\asm\9.6\asm-9.6.jar;C:\Users\srava\Desktop\backend\Repository\org\assertj\assertj-core\3.25.3\assertj-core-3.25.3.jar;C:\Users\srava\Desktop\backend\Repository\net\bytebuddy\byte-buddy\1.14.19\byte-buddy-1.14.19.jar;C:\Users\srava\Desktop\backend\Repository\org\awaitility\awaitility\4.2.2\awaitility-4.2.2.jar;C:\Users\srava\Desktop\backend\Repository\org\hamcrest\hamcrest\2.2\hamcrest-2.2.jar;C:\Users\srava\Desktop\backend\Repository\org\junit\jupiter\junit-jupiter\5.10.3\junit-jupiter-5.10.3.jar;C:\Users\srava\Desktop\backend\Repository\org\junit\jupiter\junit-jupiter-api\5.10.3\junit-jupiter-api-5.10.3.jar;C:\Users\srava\Desktop\backend\Repository\org\opentest4j\opentest4j\1.3.0\opentest4j-1.3.0.jar;C:\Users\srava\Desktop\backend\Repository\org\junit\platform\junit-platform-commons\1.10.3\junit-platform-commons-1.10.3.jar;C:\Users\srava\Desktop\backend\Repository\org\apiguardian\apiguardian-api\1.1.2\apiguardian-api-1.1.2.jar;C:\Users\srava\Desktop\backend\Repository\org\junit\jupiter\junit-jupiter-params\5.10.3\junit-jupiter-params-5.10.3.jar;C:\Users\srava\Desktop\backend\Repository\org\junit\jupiter\junit-jupiter-engine\5.10.3\junit-jupiter-engine-5.10.3.jar;C:\Users\srava\Desktop\backend\Repository\org\junit\platform\junit-platform-engine\1.10.3\junit-platform-engine-1.10.3.jar;C:\Users\srava\Desktop\backend\Repository\org\mockito\mockito-core\5.11.0\mockito-core-5.11.0.jar;C:\Users\srava\Desktop\backend\Repository\net\bytebuddy\byte-buddy-agent\1.14.19\byte-buddy-agent-1.14.19.jar;C:\Users\srava\Desktop\backend\Repository\org\objenesis\objenesis\3.3\objenesis-3.3.jar;C:\Users\srava\Desktop\backend\Repository\org\mockito\mockito-junit-jupiter\5.11.0\mockito-junit-jupiter-5.11.0.jar;C:\Users\srava\Desktop\backend\Repository\org\skyscreamer\jsonassert\1.5.3\jsonassert-1.5.3.jar;C:\Users\srava\Desktop\backend\Repository\com\vaadin\external\google\android-json\0.0.20131108.vaadin1\android-json-0.0.20131108.vaadin1.jar;C:\Users\srava\Desktop\backend\Repository\org\springframework\spring-core\6.1.13\spring-core-6.1.13.jar;C:\Users\srava\Desktop\backend\Repository\org\springframework\spring-jcl\6.1.13\spring-jcl-6.1.13.jar;C:\Users\srava\Desktop\backend\Repository\org\springframework\spring-test\6.1.13\spring-test-6.1.13.jar;C:\Users\srava\Desktop\backend\Repository\org\xmlunit\xmlunit-core\2.9.1\xmlunit-core-2.9.1.jar;"/>
    <property name="sun.cpu.endian" value="little"/>
    <property name="user.home" value="C:\Users\srava"/>
    <property name="user.language" value="en"/>
    <property name="java.specification.vendor" value="Oracle Corporation"/>
    <property name="java.version.date" value="2024-04-16"/>
    <property name="java.home" value="C:\Program Files\Java\jdk-17"/>
    <property name="file.separator" value="\"/>
    <property name="basedir" value="C:\Users\srava\Desktop\backend\PROJECT\eurekaserver\eurekaserver"/>
    <property name="java.vm.compressedOopsMode" value="32-bit"/>
    <property name="line.separator" value="&#10;"/>
    <property name="java.vm.specification.vendor" value="Oracle Corporation"/>
    <property name="java.specification.name" value="Java Platform API Specification"/>
    <property name="FILE_LOG_CHARSET" value="windows-1252"/>
    <property name="java.awt.headless" value="true"/>
    <property name="surefire.real.class.path" value="C:\Users\srava\AppData\Local\Temp\surefire12077351613335365021\surefirebooter-20241018101258373_3.jar"/>
    <property name="user.script" value=""/>
    <property name="sun.management.compiler" value="HotSpot 64-Bit Tiered Compilers"/>
    <property name="java.runtime.version" value="17.0.11+7-LTS-207"/>
    <property name="user.name" value="srava"/>
    <property name="path.separator" value=";"/>
    <property name="os.version" value="10.0"/>
    <property name="java.runtime.name" value="Java(TM) SE Runtime Environment"/>
    <property name="file.encoding" value="Cp1252"/>
    <property name="java.vm.name" value="Java HotSpot(TM) 64-Bit Server VM"/>
    <property name="localRepository" value="C:\Users\srava\Desktop\backend\Repository"/>
    <property name="java.vendor.url.bug" value="https://bugreport.java.com/bugreport/"/>
    <property name="java.io.tmpdir" value="C:\Users\srava\AppData\Local\Temp\"/>
    <property name="java.version" value="17.0.11"/>
    <property name="user.dir" value="C:\Users\srava\Desktop\backend\PROJECT\eurekaserver\eurekaserver"/>
    <property name="os.arch" value="amd64"/>
    <property name="java.vm.specification.name" value="Java Virtual Machine Specification"/>
    <property name="PID" value="16728"/>
    <property name="sun.os.patch.level" value=""/>
    <property name="CONSOLE_LOG_CHARSET" value="windows-1252"/>
    <property name="native.encoding" value="Cp1252"/>
    <property name="java.library.path" value="C:\Program Files\Java\jdk-17\bin;C:\Windows\Sun\Java\bin;C:\Windows\system32;C:\Windows;C:\Python312\Scripts\;C:\Python312\;C:\Program Files (x86)\VMware\VMware Workstation\bin\;C:\Program Files\Common Files\Oracle\Java\javapath;C:\Program Files (x86)\Common Files\Oracle\Java\java8path;C:\Program Files (x86)\Common Files\Oracle\Java\javapath;C:\Windows\system32;C:\Windows;C:\Windows\System32\Wbem;C:\Windows\System32\WindowsPowerShell\v1.0\;C:\Windows\System32\OpenSSH\;C:\Program Files\dotnet\;C:\Users\srava\AppData\Local\Programs\MiKTeX\miktex\bin\x64;C:\Program Files\Git\cmd;C:\ProgramData\chocolatey\bin;C:\Program Files\nodejs\;C:\Program Files\MySQL\MySQL Server 8.0\bin\;C:\Users\srava\Downloads\apache-maven-3.9.9-bin\apache-maven-3.9.9\bin;C:\Program Files\Docker\Docker\resources\bin;C:\Program Files\Java\jdk-17\bin;C:\Users\srava\AppData\Local\Programs\Python\Python39\Scripts\;C:\Users\srava\AppData\Local\Programs\Python\Python39\;C:\Users\srava\AppData\Local\Microsoft\WindowsApps;C:\Program Files\JetBrains\IntelliJ IDEA Community Edition 2020.3.2\bin;;C:\Users\srava\AppData\Local\Programs\Microsoft VS Code\bin;C:\Users\srava\AppData\Local\Programs\MiKTeX\miktex\bin\x64\;C:\Users\srava\AppData\Local\Pandoc\;C:\Users\srava\AppData\Local\Programs\MiKTeX\miktex\bin\x64;C:\Users\srava\AppData\Local\GitHubDesktop\bin;C:\Users\srava\AppData\Roaming\npm;C:\Users\srava\Desktop\backend\apache-maven-3.9.9-bin\apache-maven-3.9.9\bin;;."/>
    <property name="java.vm.info" value="mixed mode, sharing"/>
    <property name="java.vendor" value="Oracle Corporation"/>
    <property name="java.vm.version" value="17.0.11+7-LTS-207"/>
    <property name="sun.io.unicode.encoding" value="UnicodeLittle"/>
    <property name="java.class.version" value="61.0"/>
    <property name="LOGGED_APPLICATION_NAME" value="[eurekaserver] "/>
  </properties>
  <testcase name="contextLoads" classname="com.example.eurekaserver.EurekaserverApplicationTests" time="1.523">
    <system-out><![CDATA[Standard Commons Logging discovery in action with spring-jcl: please remove commons-logging.jar from classpath in order to avoid potential conflicts
10:12:59.786 [main] INFO org.springframework.test.context.support.AnnotationConfigContextLoaderUtils -- Could not detect default configuration classes for test class [com.example.eurekaserver.EurekaserverApplicationTests]: EurekaserverApplicationTests does not declare any static, non-private, non-final, nested classes annotated with @Configuration.
10:12:59.974 [main] INFO org.springframework.boot.test.context.SpringBootTestContextBootstrapper -- Found @SpringBootConfiguration com.example.eurekaserver.EurekaserverApplication for test class com.example.eurekaserver.EurekaserverApplicationTests

  .   ____          _            __ _ _
 /\\ / ___'_ __ _ _(_)_ __  __ _ \ \ \ \
( ( )\___ | '_ | '_| | '_ \/ _` | \ \ \ \
 \\/  ___)| |_)| | | | | || (_| |  ) ) ) )
  '  |____| .__|_| |_|_| |_\__, | / / / /
 =========|_|==============|___/=/_/_/_/

 :: Spring Boot ::                (v3.3.4)

2024-10-18T10:13:01.060+05:30  INFO 16728 --- [eurekaserver] [           main] c.e.e.EurekaserverApplicationTests       : Starting EurekaserverApplicationTests using Java 17.0.11 with PID 16728 (started by srava in C:\Users\srava\Desktop\backend\PROJECT\eurekaserver\eurekaserver)
2024-10-18T10:13:01.060+05:30  INFO 16728 --- [eurekaserver] [           main] c.e.e.EurekaserverApplicationTests       : No active profile set, falling back to 1 default profile: "default"
2024-10-18T10:13:03.155+05:30  INFO 16728 --- [eurekaserver] [           main] o.s.cloud.context.scope.GenericScope     : BeanFactory id=176da8b1-74f3-3e13-8fbc-3c5fd992bc28
2024-10-18T10:13:03.316+05:30  WARN 16728 --- [eurekaserver] [           main] trationDelegate$BeanPostProcessorChecker : Bean 'org.springframework.cloud.client.loadbalancer.LoadBalancerAutoConfiguration$DeferringLoadBalancerInterceptorConfig' of type [org.springframework.cloud.client.loadbalancer.LoadBalancerAutoConfiguration$DeferringLoadBalancerInterceptorConfig] is not eligible for getting processed by all BeanPostProcessors (for example: not eligible for auto-proxying). The currently created BeanPostProcessor [lbRestClientPostProcessor] is declared through a non-static factory method on that class; consider declaring it as static instead.
2024-10-18T10:13:03.316+05:30  WARN 16728 --- [eurekaserver] [           main] trationDelegate$BeanPostProcessorChecker : Bean 'deferringLoadBalancerInterceptor' of type [org.springframework.cloud.client.loadbalancer.DeferringLoadBalancerInterceptor] is not eligible for getting processed by all BeanPostProcessors (for example: not eligible for auto-proxying). Is this bean getting eagerly injected into a currently created BeanPostProcessor [lbRestClientPostProcessor]? Check the corresponding BeanPostProcessor declaration and its dependencies.
2024-10-18T10:13:05.895+05:30  WARN 16728 --- [eurekaserver] [           main] iguration$LoadBalancerCaffeineWarnLogger : Spring Cloud LoadBalancer is currently working with the default cache. While this cache implementation is useful for development and tests, it's recommended to use Caffeine cache in production.You can switch to using Caffeine cache, by adding it and org.springframework.cache.caffeine.CaffeineCacheManager to the classpath.
2024-10-18T10:13:06.338+05:30  INFO 16728 --- [eurekaserver] [           main] o.s.c.n.eureka.InstanceInfoFactory       : Setting initial instance status as: STARTING
2024-10-18T10:13:06.385+05:30  INFO 16728 --- [eurekaserver] [           main] com.netflix.discovery.DiscoveryClient    : Initializing Eureka in region us-east-1
2024-10-18T10:13:06.385+05:30  INFO 16728 --- [eurekaserver] [           main] com.netflix.discovery.DiscoveryClient    : Client configured to neither register nor query for data.
2024-10-18T10:13:06.385+05:30  INFO 16728 --- [eurekaserver] [           main] com.netflix.discovery.DiscoveryClient    : Discovery Client initialized at timestamp 1729226586385 with initial instances count: 0
2024-10-18T10:13:06.500+05:30  INFO 16728 --- [eurekaserver] [           main] c.n.eureka.DefaultEurekaServerContext    : Initializing ...
2024-10-18T10:13:06.500+05:30  INFO 16728 --- [eurekaserver] [           main] c.n.eureka.cluster.PeerEurekaNodes       : Adding new peer nodes [http://localhost:8761/eureka/]
2024-10-18T10:13:06.895+05:30  INFO 16728 --- [eurekaserver] [           main] c.n.d.provider.DiscoveryJerseyProvider   : Using JSON encoding codec LegacyJacksonJson
2024-10-18T10:13:06.895+05:30  INFO 16728 --- [eurekaserver] [           main] c.n.d.provider.DiscoveryJerseyProvider   : Using JSON decoding codec LegacyJacksonJson
2024-10-18T10:13:06.895+05:30  INFO 16728 --- [eurekaserver] [           main] c.n.d.provider.DiscoveryJerseyProvider   : Using XML encoding codec XStreamXml
2024-10-18T10:13:06.895+05:30  INFO 16728 --- [eurekaserver] [           main] c.n.d.provider.DiscoveryJerseyProvider   : Using XML decoding codec XStreamXml
2024-10-18T10:13:07.039+05:30  INFO 16728 --- [eurekaserver] [           main] c.n.eureka.cluster.PeerEurekaNodes       : Replica node URL:  http://localhost:8761/eureka/
2024-10-18T10:13:07.065+05:30  INFO 16728 --- [eurekaserver] [           main] c.n.e.registry.AbstractInstanceRegistry  : Finished initializing remote region registries. All known remote regions: []
2024-10-18T10:13:07.065+05:30  INFO 16728 --- [eurekaserver] [           main] c.n.eureka.DefaultEurekaServerContext    : Initialized
2024-10-18T10:13:07.199+05:30  INFO 16728 --- [eurekaserver] [           main] o.s.b.a.e.web.EndpointLinksResolver      : Exposing 1 endpoint beneath base path '/actuator'
2024-10-18T10:13:07.285+05:30  INFO 16728 --- [eurekaserver] [           main] o.s.c.n.e.s.EurekaServiceRegistry        : Registering application EUREKASERVER with eureka with status UP
2024-10-18T10:13:07.312+05:30  INFO 16728 --- [eurekaserver] [      Thread-10] o.s.c.n.e.server.EurekaServerBootstrap   : isAws returned false
2024-10-18T10:13:07.312+05:30  INFO 16728 --- [eurekaserver] [           main] c.e.e.EurekaserverApplicationTests       : Started EurekaserverApplicationTests in 7.019 seconds (process running for 8.729)
2024-10-18T10:13:07.313+05:30  INFO 16728 --- [eurekaserver] [      Thread-10] o.s.c.n.e.server.EurekaServerBootstrap   : Initialized server context
2024-10-18T10:13:07.313+05:30  INFO 16728 --- [eurekaserver] [      Thread-10] c.n.e.r.PeerAwareInstanceRegistryImpl    : Got 1 instances from neighboring DS node
2024-10-18T10:13:07.313+05:30  INFO 16728 --- [eurekaserver] [      Thread-10] c.n.e.r.PeerAwareInstanceRegistryImpl    : Renew threshold is: 1
2024-10-18T10:13:07.314+05:30  INFO 16728 --- [eurekaserver] [      Thread-10] c.n.e.r.PeerAwareInstanceRegistryImpl    : Changing status to UP
2024-10-18T10:13:07.318+05:30  INFO 16728 --- [eurekaserver] [      Thread-10] e.s.EurekaServerInitializerConfiguration : Started Eureka Server
]]></system-out>
  </testcase>
</testsuite>